[07-Feb-2026 10:55:39 America/Lima] === ENVÍO POR WHATSAPP INICIADO ===
[07-Feb-2026 10:55:39 America/Lima] Quotation ID: 134
[07-Feb-2026 10:55:39 America/Lima] Company ID: 1
[07-Feb-2026 10:55:39 America/Lima] Cotización encontrada: C1-2026-0018
[07-Feb-2026 10:55:39 America/Lima] ERROR: Cliente no tiene teléfono
[07-Feb-2026 11:33:56 America/Lima] === ENVÍO POR WHATSAPP INICIADO ===
[07-Feb-2026 11:33:56 America/Lima] Quotation ID: 135
[07-Feb-2026 11:33:56 America/Lima] Company ID: 2
[07-Feb-2026 11:33:56 America/Lima] Cotización encontrada: C2-2026-0003
[07-Feb-2026 11:33:56 America/Lima] ERROR: Cliente no tiene teléfono
[25-Feb-2026 12:30:04 America/Lima] === ENVÍO POR WHATSAPP INICIADO ===
[25-Feb-2026 12:30:04 America/Lima] Quotation ID: 145
[25-Feb-2026 12:30:04 America/Lima] Company ID: 2
[25-Feb-2026 12:30:04 America/Lima] Cotización encontrada: C2-2026-0013
[25-Feb-2026 12:30:04 America/Lima] ERROR: Cliente no tiene teléfono
[07-Mar-2026 10:22:13 America/Lima] === ENVÍO POR WHATSAPP INICIADO ===
[07-Mar-2026 10:22:13 America/Lima] Quotation ID: 161
[07-Mar-2026 10:22:13 America/Lima] Company ID: 1
[07-Mar-2026 10:22:13 America/Lima] Cotización encontrada: C1-2026-0028
[07-Mar-2026 10:22:13 America/Lima] ERROR: Cliente no tiene teléfono
[11-Mar-2026 10:35:24 America/Lima] === ENVÍO POR WHATSAPP INICIADO ===
[11-Mar-2026 10:35:24 America/Lima] Quotation ID: 188
[11-Mar-2026 10:35:24 America/Lima] Company ID: 1
[11-Mar-2026 10:35:24 America/Lima] Cotización encontrada: C1-2026-0055
[11-Mar-2026 10:35:24 America/Lima] ERROR: Cliente no tiene teléfono
[14-Mar-2026 09:17:35 America/Lima] === ENVÍO POR WHATSAPP INICIADO ===
[14-Mar-2026 09:17:35 America/Lima] Quotation ID: 198
[14-Mar-2026 09:17:35 America/Lima] Company ID: 1
[14-Mar-2026 09:17:35 America/Lima] Cotización encontrada: C1-2026-0064
[14-Mar-2026 09:17:35 America/Lima] ERROR: Cliente no tiene teléfono
[14-Mar-2026 09:19:46 America/Lima] === ENVÍO POR WHATSAPP INICIADO ===
[14-Mar-2026 09:19:46 America/Lima] Quotation ID: 202
[14-Mar-2026 09:19:46 America/Lima] Company ID: 1
[14-Mar-2026 09:19:46 America/Lima] Cotización encontrada: C1-2026-0068
[14-Mar-2026 09:19:47 America/Lima] Teléfono del cliente: 51910253575
[14-Mar-2026 09:19:47 America/Lima] Token de aprobación generado: 468be29e4712a0aa240f5efdc3fb3083e372633920f9e089f703a44402e507c6
[14-Mar-2026 09:19:47 America/Lima] Cliente tiene email: ventas@tullantaonline.pe
[14-Mar-2026 09:19:47 America/Lima] Teléfono formateado: 51910253575
[14-Mar-2026 09:19:47 America/Lima] Estado de cotización actualizado a 'Sent'
[14-Mar-2026 09:19:47 America/Lima] Error logging activity: SQLSTATE[HY000]: General error: 1364 Field 'id' doesn't have a default value
[14-Mar-2026 09:19:47 America/Lima] WhatsApp preparado exitosamente
[14-Mar-2026 10:36:23 America/Lima] === ENVÍO POR WHATSAPP INICIADO ===
[14-Mar-2026 10:36:23 America/Lima] Quotation ID: 202
[14-Mar-2026 10:36:23 America/Lima] Company ID: 1
[14-Mar-2026 10:36:23 America/Lima] Cotización encontrada: C1-2026-0068
[14-Mar-2026 10:36:23 America/Lima] Teléfono del cliente: 51910253575
[14-Mar-2026 10:36:23 America/Lima] Token de aprobación generado: 2e395b22527906245d451a2bf3d7aa963fb4b8d090a359d2814fea9b35c1dc27
[14-Mar-2026 10:36:23 America/Lima] Cliente tiene email: ventas@tullantaonline.pe
[14-Mar-2026 10:36:23 America/Lima] Teléfono formateado: 51910253575
[14-Mar-2026 10:36:23 America/Lima] Estado de cotización actualizado a 'Sent'
[14-Mar-2026 10:36:23 America/Lima] Error logging activity: SQLSTATE[HY000]: General error: 1364 Field 'id' doesn't have a default value
[14-Mar-2026 10:36:23 America/Lima] WhatsApp preparado exitosamente
[14-Mar-2026 10:38:44 America/Lima] === ENVÍO POR WHATSAPP INICIADO ===
[14-Mar-2026 10:38:44 America/Lima] Quotation ID: 202
[14-Mar-2026 10:38:44 America/Lima] Company ID: 1
[14-Mar-2026 10:38:44 America/Lima] Cotización encontrada: C1-2026-0068
[14-Mar-2026 10:38:44 America/Lima] Teléfono del cliente: 51910253575
[14-Mar-2026 10:38:44 America/Lima] Token de aprobación generado: 360b0474633d99f271e52dca14b671c4fae19353276edaf6d1487e5197a72b95
[14-Mar-2026 10:38:44 America/Lima] Cliente tiene email: ventas@tullantaonline.pe
[14-Mar-2026 10:38:44 America/Lima] Teléfono formateado: 51910253575
[14-Mar-2026 10:38:44 America/Lima] Estado de cotización actualizado a 'Sent'
[14-Mar-2026 10:38:44 America/Lima] Error logging activity: SQLSTATE[HY000]: General error: 1364 Field 'id' doesn't have a default value
[14-Mar-2026 10:38:44 America/Lima] WhatsApp preparado exitosamente
[14-Mar-2026 10:42:03 America/Lima] === ENVÍO POR WHATSAPP INICIADO ===
[14-Mar-2026 10:42:03 America/Lima] Quotation ID: 205
[14-Mar-2026 10:42:03 America/Lima] Company ID: 4
[14-Mar-2026 10:42:03 America/Lima] Cotización encontrada: C4-2026-0002
[14-Mar-2026 10:42:03 America/Lima] Teléfono del cliente: 910253575
[14-Mar-2026 10:42:03 America/Lima] Token de aprobación generado: 71f6119a56c5f10b97ff289a92148e8b2e91dd2f5858bcf49ce778d0e1f37939
[14-Mar-2026 10:42:03 America/Lima] Cliente tiene email: godofredocc.30@gmail.com
[14-Mar-2026 10:42:03 America/Lima] Teléfono formateado: 51910253575
[14-Mar-2026 10:42:03 America/Lima] Estado de cotización actualizado a 'Sent'
[14-Mar-2026 10:42:03 America/Lima] Error logging activity: SQLSTATE[HY000]: General error: 1364 Field 'id' doesn't have a default value
[14-Mar-2026 10:42:03 America/Lima] WhatsApp preparado exitosamente
[14-Mar-2026 10:47:25 America/Lima] === ENVÍO POR WHATSAPP INICIADO ===
[14-Mar-2026 10:47:25 America/Lima] Quotation ID: 205
[14-Mar-2026 10:47:25 America/Lima] Company ID: 4
[14-Mar-2026 10:47:25 America/Lima] Cotización encontrada: C4-2026-0002
[14-Mar-2026 10:47:25 America/Lima] Teléfono del cliente: 910253575
[14-Mar-2026 10:47:26 America/Lima] Token de aprobación generado: bef0b1261d2d01902c66631f4c8fe580c599e9d18059a38baaff33a4d74cad88
[14-Mar-2026 10:47:26 America/Lima] Cliente tiene email: godofredocc.30@gmail.com
[14-Mar-2026 10:47:26 America/Lima] Teléfono formateado: 51910253575
[14-Mar-2026 10:47:26 America/Lima] Estado de cotización actualizado a 'Sent'
[14-Mar-2026 10:47:26 America/Lima] Error logging activity: SQLSTATE[HY000]: General error: 1364 Field 'id' doesn't have a default value
[14-Mar-2026 10:47:26 America/Lima] WhatsApp preparado exitosamente
[14-Mar-2026 10:51:10 America/Lima] === ENVÍO POR WHATSAPP INICIADO ===
[14-Mar-2026 10:51:10 America/Lima] Quotation ID: 202
[14-Mar-2026 10:51:10 America/Lima] Company ID: 1
[14-Mar-2026 10:51:10 America/Lima] Cotización encontrada: C1-2026-0068
[14-Mar-2026 10:51:10 America/Lima] Teléfono del cliente: 51910253575
[14-Mar-2026 10:51:10 America/Lima] Token de aprobación generado: 91ad77a51782bf492fc505a3c8e93c2928e0c733aca4784fc4163c273f2e0f66
[14-Mar-2026 10:51:10 America/Lima] Cliente tiene email: ventas@tullantaonline.pe
[14-Mar-2026 10:51:10 America/Lima] Teléfono formateado: 51910253575
[14-Mar-2026 10:51:10 America/Lima] Estado de cotización actualizado a 'Sent'
[14-Mar-2026 10:51:10 America/Lima] Error logging activity: SQLSTATE[HY000]: General error: 1364 Field 'id' doesn't have a default value
[14-Mar-2026 10:51:10 America/Lima] WhatsApp preparado exitosamente
[14-Mar-2026 10:51:31 America/Lima] === ENVÍO POR WHATSAPP INICIADO ===
[14-Mar-2026 10:51:31 America/Lima] Quotation ID: 205
[14-Mar-2026 10:51:31 America/Lima] Company ID: 4
[14-Mar-2026 10:51:31 America/Lima] Cotización encontrada: C4-2026-0002
[14-Mar-2026 10:51:31 America/Lima] Teléfono del cliente: 910253575
[14-Mar-2026 10:51:31 America/Lima] Token de aprobación generado: 2306331ae947bd988de392beb545e152d33d1d5da7fec4af828947cdd7c7189b
[14-Mar-2026 10:51:31 America/Lima] Cliente tiene email: godofredocc.30@gmail.com
[14-Mar-2026 10:51:31 America/Lima] Teléfono formateado: 51910253575
[14-Mar-2026 10:51:31 America/Lima] Estado de cotización actualizado a 'Sent'
[14-Mar-2026 10:51:31 America/Lima] Error logging activity: SQLSTATE[HY000]: General error: 1364 Field 'id' doesn't have a default value
[14-Mar-2026 10:51:31 America/Lima] WhatsApp preparado exitosamente
[14-Mar-2026 10:52:32 America/Lima] === ENVÍO POR WHATSAPP INICIADO ===
[14-Mar-2026 10:52:32 America/Lima] Quotation ID: 148
[14-Mar-2026 10:52:32 America/Lima] Company ID: 1
[14-Mar-2026 10:52:32 America/Lima] Cotización encontrada: C1-2026-0019
[14-Mar-2026 10:52:32 America/Lima] Teléfono del cliente: 51910253575
[14-Mar-2026 10:52:33 America/Lima] Token de aprobación generado: 73c166ed7909a7db7f4b6cec0a64248070ec066a926792bf9af45e22609dac4b
[14-Mar-2026 10:52:33 America/Lima] Cliente tiene email: ventas@tullantaonline.pe
[14-Mar-2026 10:52:33 America/Lima] Teléfono formateado: 51910253575
[14-Mar-2026 10:52:33 America/Lima] Estado de cotización actualizado a 'Sent'
[14-Mar-2026 10:52:33 America/Lima] Error logging activity: SQLSTATE[HY000]: General error: 1364 Field 'id' doesn't have a default value
[14-Mar-2026 10:52:33 America/Lima] WhatsApp preparado exitosamente
[14-Mar-2026 10:52:42 America/Lima] === ENVÍO POR WHATSAPP INICIADO ===
[14-Mar-2026 10:52:42 America/Lima] Quotation ID: 148
[14-Mar-2026 10:52:42 America/Lima] Company ID: 1
[14-Mar-2026 10:52:42 America/Lima] Cotización encontrada: C1-2026-0019
[14-Mar-2026 10:52:42 America/Lima] Teléfono del cliente: 51910253575
[14-Mar-2026 10:52:42 America/Lima] Token de aprobación generado: 1b854d54c343a3f33cf383f8d327b719de572ae7ea05c13656d7680f06a13b0f
[14-Mar-2026 10:52:42 America/Lima] Cliente tiene email: ventas@tullantaonline.pe
[14-Mar-2026 10:52:42 America/Lima] Teléfono formateado: 51910253575
[14-Mar-2026 10:52:42 America/Lima] Estado de cotización actualizado a 'Sent'
[14-Mar-2026 10:52:42 America/Lima] Error logging activity: SQLSTATE[HY000]: General error: 1364 Field 'id' doesn't have a default value
[14-Mar-2026 10:52:42 America/Lima] WhatsApp preparado exitosamente
[14-Mar-2026 10:53:38 America/Lima] === ENVÍO POR WHATSAPP INICIADO ===
[14-Mar-2026 10:53:38 America/Lima] Quotation ID: 148
[14-Mar-2026 10:53:38 America/Lima] Company ID: 1
[14-Mar-2026 10:53:38 America/Lima] Cotización encontrada: C1-2026-0019
[14-Mar-2026 10:53:38 America/Lima] Teléfono del cliente: 51910253575
[14-Mar-2026 10:53:38 America/Lima] Token de aprobación generado: c913799507140af8b1486c2df98cac27d75a8d6cc3816c49748fc5219c144581
[14-Mar-2026 10:53:38 America/Lima] Cliente tiene email: ventas@tullantaonline.pe
[14-Mar-2026 10:53:38 America/Lima] Teléfono formateado: 51910253575
[14-Mar-2026 10:53:38 America/Lima] Estado de cotización actualizado a 'Sent'
[14-Mar-2026 10:53:38 America/Lima] Error logging activity: SQLSTATE[HY000]: General error: 1364 Field 'id' doesn't have a default value
[14-Mar-2026 10:53:38 America/Lima] WhatsApp preparado exitosamente
[14-Mar-2026 11:03:03 America/Lima] === ENVÍO POR WHATSAPP INICIADO ===
[14-Mar-2026 11:03:03 America/Lima] Quotation ID: 205
[14-Mar-2026 11:03:03 America/Lima] Company ID: 4
[14-Mar-2026 11:03:03 America/Lima] Cotización encontrada: C4-2026-0002
[14-Mar-2026 11:03:03 America/Lima] Teléfono del cliente: 910253575
[14-Mar-2026 11:03:03 America/Lima] Token de aprobación generado: f66546b824cd63a1f8bbaacf6af8362dfc9f379d7d63984a8d880e4793714d5f
[14-Mar-2026 11:03:03 America/Lima] Cliente tiene email: godofredocc.30@gmail.com
[14-Mar-2026 11:03:03 America/Lima] Teléfono formateado: 51910253575
[14-Mar-2026 11:03:03 America/Lima] Estado de cotización actualizado a 'Sent'
[14-Mar-2026 11:03:03 America/Lima] Error logging activity: SQLSTATE[HY000]: General error: 1364 Field 'id' doesn't have a default value
[14-Mar-2026 11:03:03 America/Lima] WhatsApp preparado exitosamente
[14-Mar-2026 11:03:25 America/Lima] === ENVÍO POR WHATSAPP INICIADO ===
[14-Mar-2026 11:03:25 America/Lima] Quotation ID: 205
[14-Mar-2026 11:03:25 America/Lima] Company ID: 4
[14-Mar-2026 11:03:25 America/Lima] Cotización encontrada: C4-2026-0002
[14-Mar-2026 11:03:25 America/Lima] Teléfono del cliente: 910253575
[14-Mar-2026 11:03:26 America/Lima] Token de aprobación generado: 27113740e23dd4be31309762bf85e93b48e414da0fc81e01b359ee0c3c4b7ff8
[14-Mar-2026 11:03:26 America/Lima] Cliente tiene email: godofredocc.30@gmail.com
[14-Mar-2026 11:03:26 America/Lima] Teléfono formateado: 51910253575
[14-Mar-2026 11:03:26 America/Lima] Estado de cotización actualizado a 'Sent'
[14-Mar-2026 11:03:26 America/Lima] Error logging activity: SQLSTATE[HY000]: General error: 1364 Field 'id' doesn't have a default value
[14-Mar-2026 11:03:26 America/Lima] WhatsApp preparado exitosamente
[14-Mar-2026 11:04:49 America/Lima] === ENVÍO POR WHATSAPP INICIADO ===
[14-Mar-2026 11:04:49 America/Lima] Quotation ID: 202
[14-Mar-2026 11:04:49 America/Lima] Company ID: 1
[14-Mar-2026 11:04:49 America/Lima] Cotización encontrada: C1-2026-0068
[14-Mar-2026 11:04:49 America/Lima] Teléfono del cliente: 51910253575
[14-Mar-2026 11:04:49 America/Lima] Token de aprobación generado: 4c51f20042b5e030259fce2fb9371dcccdbb55aa5c5120d5db9002d38ffc31b1
[14-Mar-2026 11:04:49 America/Lima] Cliente tiene email: ventas@tullantaonline.pe
[14-Mar-2026 11:04:49 America/Lima] Teléfono formateado: 51910253575
[14-Mar-2026 11:04:49 America/Lima] Estado de cotización actualizado a 'Sent'
[14-Mar-2026 11:04:49 America/Lima] Error logging activity: SQLSTATE[HY000]: General error: 1364 Field 'id' doesn't have a default value
[14-Mar-2026 11:04:49 America/Lima] WhatsApp preparado exitosamente
[14-Mar-2026 11:12:17 America/Lima] === ENVÍO POR WHATSAPP INICIADO ===
[14-Mar-2026 11:12:17 America/Lima] Quotation ID: 205
[14-Mar-2026 11:12:17 America/Lima] Company ID: 4
[14-Mar-2026 11:12:17 America/Lima] Cotización encontrada: C4-2026-0002
[14-Mar-2026 11:12:17 America/Lima] Teléfono del cliente: 910253575
[14-Mar-2026 11:12:17 America/Lima] Token de aprobación generado: 0131965dfe88c3aa5c869c357e1a038be6b8a638baf767bbd3b6907a08209bb3
[14-Mar-2026 11:12:17 America/Lima] Cliente tiene email: godofredocc.30@gmail.com
[14-Mar-2026 11:12:17 America/Lima] Teléfono formateado: 51910253575
[14-Mar-2026 11:12:17 America/Lima] Estado de cotización actualizado a 'Sent'
[14-Mar-2026 11:12:17 America/Lima] Error logging activity: SQLSTATE[HY000]: General error: 1364 Field 'id' doesn't have a default value
[14-Mar-2026 11:12:17 America/Lima] WhatsApp preparado exitosamente
[14-Mar-2026 11:13:48 America/Lima] === ENVÍO POR WHATSAPP INICIADO ===
[14-Mar-2026 11:13:48 America/Lima] Quotation ID: 202
[14-Mar-2026 11:13:48 America/Lima] Company ID: 1
[14-Mar-2026 11:13:48 America/Lima] Cotización encontrada: C1-2026-0068
[14-Mar-2026 11:13:48 America/Lima] Teléfono del cliente: 51910253575
[14-Mar-2026 11:13:48 America/Lima] Token de aprobación generado: a7aa4cf23d5ab848f0ee5b80378bb998e473556de2166277647f659afa636677
[14-Mar-2026 11:13:48 America/Lima] Cliente tiene email: ventas@tullantaonline.pe
[14-Mar-2026 11:13:48 America/Lima] Teléfono formateado: 51910253575
[14-Mar-2026 11:13:48 America/Lima] Estado de cotización actualizado a 'Sent'
[14-Mar-2026 11:13:48 America/Lima] Error logging activity: SQLSTATE[HY000]: General error: 1364 Field 'id' doesn't have a default value
[14-Mar-2026 11:13:48 America/Lima] WhatsApp preparado exitosamente
[14-Mar-2026 11:14:08 America/Lima] === ENVÍO POR WHATSAPP INICIADO ===
[14-Mar-2026 11:14:08 America/Lima] Quotation ID: 148
[14-Mar-2026 11:14:08 America/Lima] Company ID: 1
[14-Mar-2026 11:14:08 America/Lima] Cotización encontrada: C1-2026-0019
[14-Mar-2026 11:14:08 America/Lima] Teléfono del cliente: 51910253575
[14-Mar-2026 11:14:08 America/Lima] Token de aprobación generado: 4b6d2ab8e0e2875a90ee20534e268c0531339d414817eac1761672fbf27227e1
[14-Mar-2026 11:14:08 America/Lima] Cliente tiene email: ventas@tullantaonline.pe
[14-Mar-2026 11:14:08 America/Lima] Teléfono formateado: 51910253575
[14-Mar-2026 11:14:08 America/Lima] Estado de cotización actualizado a 'Sent'
[14-Mar-2026 11:14:08 America/Lima] Error logging activity: SQLSTATE[HY000]: General error: 1364 Field 'id' doesn't have a default value
[14-Mar-2026 11:14:08 America/Lima] WhatsApp preparado exitosamente
[14-Mar-2026 11:15:53 America/Lima] === ENVÍO POR WHATSAPP INICIADO ===
[14-Mar-2026 11:15:53 America/Lima] Quotation ID: 148
[14-Mar-2026 11:15:53 America/Lima] Company ID: 1
[14-Mar-2026 11:15:53 America/Lima] Cotización encontrada: C1-2026-0019
[14-Mar-2026 11:15:53 America/Lima] Teléfono del cliente: 51910253575
[14-Mar-2026 11:15:53 America/Lima] Token de aprobación generado: c1e626b097d0282f176b1caeeb00737194c18b2fbdb564a8be1c0061c6057482
[14-Mar-2026 11:15:53 America/Lima] Cliente tiene email: ventas@tullantaonline.pe
[14-Mar-2026 11:15:53 America/Lima] Teléfono formateado: 51910253575
[14-Mar-2026 11:15:53 America/Lima] Estado de cotización actualizado a 'Sent'
[14-Mar-2026 11:15:53 America/Lima] Error logging activity: SQLSTATE[HY000]: General error: 1364 Field 'id' doesn't have a default value
[14-Mar-2026 11:15:53 America/Lima] WhatsApp preparado exitosamente
[14-Mar-2026 11:16:46 America/Lima] === ENVÍO POR WHATSAPP INICIADO ===
[14-Mar-2026 11:16:46 America/Lima] Quotation ID: 202
[14-Mar-2026 11:16:46 America/Lima] Company ID: 1
[14-Mar-2026 11:16:46 America/Lima] Cotización encontrada: C1-2026-0068
[14-Mar-2026 11:16:46 America/Lima] Teléfono del cliente: 51910253575
[14-Mar-2026 11:16:46 America/Lima] Token de aprobación generado: 679520c8ee79eb9e81911e4cbaeeeccb6d900cbc84a03d7d3bffe5edd0902075
[14-Mar-2026 11:16:46 America/Lima] Cliente tiene email: ventas@tullantaonline.pe
[14-Mar-2026 11:16:46 America/Lima] Teléfono formateado: 51910253575
[14-Mar-2026 11:16:46 America/Lima] Estado de cotización actualizado a 'Sent'
[14-Mar-2026 11:16:46 America/Lima] Error logging activity: SQLSTATE[HY000]: General error: 1364 Field 'id' doesn't have a default value
[14-Mar-2026 11:16:46 America/Lima] WhatsApp preparado exitosamente
[14-Mar-2026 11:55:07 America/Lima] === ENVÍO POR WHATSAPP INICIADO ===
[14-Mar-2026 11:55:07 America/Lima] Quotation ID: 205
[14-Mar-2026 11:55:07 America/Lima] Company ID: 4
[14-Mar-2026 11:55:07 America/Lima] Cotización encontrada: C4-2026-0002
[14-Mar-2026 11:55:07 America/Lima] Teléfono del cliente: 910253575
[14-Mar-2026 11:55:07 America/Lima] Token de aprobación generado: 532ef974291ed10849aebe06aea83d0f9c7581e3fb1971b243af899e7560c8ab
[14-Mar-2026 11:55:07 America/Lima] Cliente tiene email: godofredocc.30@gmail.com
[14-Mar-2026 11:55:07 America/Lima] Teléfono formateado: 51910253575
[14-Mar-2026 11:55:07 America/Lima] Estado de cotización actualizado a 'Sent'
[14-Mar-2026 11:55:07 America/Lima] Error logging activity: SQLSTATE[HY000]: General error: 1364 Field 'id' doesn't have a default value
[14-Mar-2026 11:55:07 America/Lima] WhatsApp preparado exitosamente
[14-Mar-2026 12:02:24 America/Lima] === ENVÍO POR WHATSAPP INICIADO ===
[14-Mar-2026 12:02:24 America/Lima] Quotation ID: 205
[14-Mar-2026 12:02:24 America/Lima] Company ID: 4
[14-Mar-2026 12:02:24 America/Lima] Cotización encontrada: C4-2026-0002
[14-Mar-2026 12:02:24 America/Lima] Teléfono del cliente: 910253575
[14-Mar-2026 12:02:24 America/Lima] Token de aprobación generado: 46af1b7d7f4008e833ff499829961e82ef44b787e24d73d919c0e61abd95654d
[14-Mar-2026 12:02:24 America/Lima] Cliente tiene email: godofredocc.30@gmail.com
[14-Mar-2026 12:02:24 America/Lima] Teléfono formateado: 51910253575
[14-Mar-2026 12:02:24 America/Lima] Estado de cotización actualizado a 'Sent'
[14-Mar-2026 12:02:24 America/Lima] Error logging activity: SQLSTATE[HY000]: General error: 1364 Field 'id' doesn't have a default value
[14-Mar-2026 12:02:24 America/Lima] WhatsApp preparado exitosamente
[14-Mar-2026 12:02:51 America/Lima] === ENVÍO POR WHATSAPP INICIADO ===
[14-Mar-2026 12:02:51 America/Lima] Quotation ID: 202
[14-Mar-2026 12:02:51 America/Lima] Company ID: 1
[14-Mar-2026 12:02:51 America/Lima] Cotización encontrada: C1-2026-0068
[14-Mar-2026 12:02:51 America/Lima] Teléfono del cliente: 51910253575
[14-Mar-2026 12:02:51 America/Lima] Token de aprobación generado: b38441ac80d33914fdc9142f29c2f8b30013c21855342a9811cfe63fc3d95602
[14-Mar-2026 12:02:51 America/Lima] Cliente tiene email: ventas@tullantaonline.pe
[14-Mar-2026 12:02:51 America/Lima] Teléfono formateado: 51910253575
[14-Mar-2026 12:02:51 America/Lima] Estado de cotización actualizado a 'Sent'
[14-Mar-2026 12:02:51 America/Lima] Error logging activity: SQLSTATE[HY000]: General error: 1364 Field 'id' doesn't have a default value
[14-Mar-2026 12:02:51 America/Lima] WhatsApp preparado exitosamente
[14-Mar-2026 12:04:32 America/Lima] === ENVÍO POR WHATSAPP INICIADO ===
[14-Mar-2026 12:04:32 America/Lima] Quotation ID: 202
[14-Mar-2026 12:04:32 America/Lima] Company ID: 1
[14-Mar-2026 12:04:32 America/Lima] Cotización encontrada: C1-2026-0068
[14-Mar-2026 12:04:32 America/Lima] Teléfono del cliente: 51910253575
[14-Mar-2026 12:04:32 America/Lima] Token de aprobación generado: 9b1d0f60d29cde22fd11916bc8ba23c20ef8d36da5215a5d8ebca31da256c353
[14-Mar-2026 12:04:32 America/Lima] Cliente tiene email: ventas@tullantaonline.pe
[14-Mar-2026 12:04:32 America/Lima] Teléfono formateado: 51910253575
[14-Mar-2026 12:04:32 America/Lima] Estado de cotización actualizado a 'Sent'
[14-Mar-2026 12:04:32 America/Lima] Error logging activity: SQLSTATE[HY000]: General error: 1364 Field 'id' doesn't have a default value
[14-Mar-2026 12:04:32 America/Lima] WhatsApp preparado exitosamente
[14-Mar-2026 12:35:14 America/Lima] === ENVÍO POR WHATSAPP INICIADO ===
[14-Mar-2026 12:35:14 America/Lima] Quotation ID: 205
[14-Mar-2026 12:35:14 America/Lima] Company ID: 4
[14-Mar-2026 12:35:14 America/Lima] Cotización encontrada: C4-2026-0002
[14-Mar-2026 12:35:14 America/Lima] Teléfono del cliente: 910253575
[14-Mar-2026 12:35:14 America/Lima] Token de aprobación generado: 7565caf349c52484468a2d91b4ba5cf66311f0a0d1cfb7ba9d9eca09023864f4
[14-Mar-2026 12:35:14 America/Lima] Cliente tiene email: godofredocc.30@gmail.com
[14-Mar-2026 12:35:14 America/Lima] Teléfono formateado: 51910253575
[14-Mar-2026 12:35:14 America/Lima] Estado de cotización actualizado a 'Sent'
[14-Mar-2026 12:35:14 America/Lima] Error logging activity: SQLSTATE[HY000]: General error: 1364 Field 'id' doesn't have a default value
[14-Mar-2026 12:35:14 America/Lima] WhatsApp preparado exitosamente
[14-Mar-2026 12:39:23 America/Lima] === ENVÍO POR WHATSAPP INICIADO ===
[14-Mar-2026 12:39:23 America/Lima] Quotation ID: 205
[14-Mar-2026 12:39:23 America/Lima] Company ID: 4
[14-Mar-2026 12:39:23 America/Lima] Cotización encontrada: C4-2026-0002
[14-Mar-2026 12:39:23 America/Lima] Teléfono del cliente: 910253575
[14-Mar-2026 12:39:23 America/Lima] Token de aprobación generado: e10af1ab07b6fce09deb8dedc68daa135ba9a295b6567f42a48915e0ae99dd72
[14-Mar-2026 12:39:23 America/Lima] Cliente tiene email: godofredocc.30@gmail.com
[14-Mar-2026 12:39:23 America/Lima] Teléfono formateado: 51910253575
[14-Mar-2026 12:39:23 America/Lima] Estado de cotización actualizado a 'Sent'
[14-Mar-2026 12:39:23 America/Lima] Error logging activity: SQLSTATE[HY000]: General error: 1364 Field 'id' doesn't have a default value
[14-Mar-2026 12:39:23 America/Lima] WhatsApp preparado exitosamente
[14-Mar-2026 12:40:06 America/Lima] === ENVÍO POR WHATSAPP INICIADO ===
[14-Mar-2026 12:40:06 America/Lima] Quotation ID: 202
[14-Mar-2026 12:40:06 America/Lima] Company ID: 1
[14-Mar-2026 12:40:06 America/Lima] Cotización encontrada: C1-2026-0068
[14-Mar-2026 12:40:07 America/Lima] Teléfono del cliente: 51910253575
[14-Mar-2026 12:40:07 America/Lima] Token de aprobación generado: 1fb0a1fc8e9d2744ee150fa01612a16e169ed8f0665665fe7de3f5ffdbb6dcd7
[14-Mar-2026 12:40:07 America/Lima] Cliente tiene email: ventas@tullantaonline.pe
[14-Mar-2026 12:40:07 America/Lima] Teléfono formateado: 51910253575
[14-Mar-2026 12:40:07 America/Lima] Estado de cotización actualizado a 'Sent'
[14-Mar-2026 12:40:07 America/Lima] Error logging activity: SQLSTATE[HY000]: General error: 1364 Field 'id' doesn't have a default value
[14-Mar-2026 12:40:07 America/Lima] WhatsApp preparado exitosamente
[14-Mar-2026 12:41:20 America/Lima] === ENVÍO POR WHATSAPP INICIADO ===
[14-Mar-2026 12:41:20 America/Lima] Quotation ID: 205
[14-Mar-2026 12:41:20 America/Lima] Company ID: 4
[14-Mar-2026 12:41:20 America/Lima] Cotización encontrada: C4-2026-0002
[14-Mar-2026 12:41:20 America/Lima] Teléfono del cliente: 910253575
[14-Mar-2026 12:41:20 America/Lima] Token de aprobación generado: dea35be181caa1e9818f8c781d9297359b4b68953ba0cdfc175cfe11ad919aa4
[14-Mar-2026 12:41:20 America/Lima] Cliente tiene email: godofredocc.30@gmail.com
[14-Mar-2026 12:41:20 America/Lima] Teléfono formateado: 51910253575
[14-Mar-2026 12:41:20 America/Lima] Estado de cotización actualizado a 'Sent'
[14-Mar-2026 12:41:20 America/Lima] Error logging activity: SQLSTATE[HY000]: General error: 1364 Field 'id' doesn't have a default value
[14-Mar-2026 12:41:20 America/Lima] WhatsApp preparado exitosamente
[16-Mar-2026 14:15:43 America/Lima] === ENVÍO POR WHATSAPP INICIADO ===
[16-Mar-2026 14:15:43 America/Lima] Quotation ID: 217
[16-Mar-2026 14:15:43 America/Lima] Company ID: 2
[16-Mar-2026 14:15:43 America/Lima] Cotización encontrada: C2-2026-0020
[16-Mar-2026 14:15:43 America/Lima] ERROR: Cliente no tiene teléfono
[16-Mar-2026 14:15:45 America/Lima] === ENVÍO POR WHATSAPP INICIADO ===
[16-Mar-2026 14:15:45 America/Lima] Quotation ID: 217
[16-Mar-2026 14:15:45 America/Lima] Company ID: 2
[16-Mar-2026 14:15:45 America/Lima] Cotización encontrada: C2-2026-0020
[16-Mar-2026 14:15:45 America/Lima] ERROR: Cliente no tiene teléfono
[16-Mar-2026 14:15:49 America/Lima] === ENVÍO POR WHATSAPP INICIADO ===
[16-Mar-2026 14:15:49 America/Lima] Quotation ID: 217
[16-Mar-2026 14:15:49 America/Lima] Company ID: 2
[16-Mar-2026 14:15:50 America/Lima] Cotización encontrada: C2-2026-0020
[16-Mar-2026 14:15:50 America/Lima] ERROR: Cliente no tiene teléfono
[16-Mar-2026 14:16:00 America/Lima] === ENVÍO POR WHATSAPP INICIADO ===
[16-Mar-2026 14:16:00 America/Lima] Quotation ID: 217
[16-Mar-2026 14:16:00 America/Lima] Company ID: 2
[16-Mar-2026 14:16:00 America/Lima] Cotización encontrada: C2-2026-0020
[16-Mar-2026 14:16:00 America/Lima] ERROR: Cliente no tiene teléfono
[17-Mar-2026 14:52:46 America/Lima] === ENVÍO POR WHATSAPP INICIADO ===
[17-Mar-2026 14:52:46 America/Lima] Quotation ID: 219
[17-Mar-2026 14:52:46 America/Lima] Company ID: 1
[17-Mar-2026 14:52:46 America/Lima] Cotización encontrada: C1-2026-0078
[17-Mar-2026 14:52:46 America/Lima] ERROR: Cliente no tiene teléfono
[17-Mar-2026 15:21:49 America/Lima] === ENVÍO POR WHATSAPP INICIADO ===
[17-Mar-2026 15:21:49 America/Lima] Quotation ID: 220
[17-Mar-2026 15:21:49 America/Lima] Company ID: 1
[17-Mar-2026 15:21:49 America/Lima] Cotización encontrada: C1-2026-0079
[17-Mar-2026 15:21:49 America/Lima] ERROR: Cliente no tiene teléfono
[17-Mar-2026 16:42:03 America/Lima] === ENVÍO POR WHATSAPP INICIADO ===
[17-Mar-2026 16:42:03 America/Lima] Quotation ID: 223
[17-Mar-2026 16:42:03 America/Lima] Company ID: 1
[17-Mar-2026 16:42:03 America/Lima] Cotización encontrada: C1-2026-0082
[17-Mar-2026 16:42:03 America/Lima] Teléfono del cliente: 964775609
[17-Mar-2026 16:42:03 America/Lima] Token de aprobación generado: 1f8d686a8e74b19e1dc8f32dd7e5e69255cbfe6cd4064d039a8a6aff35d4974c
[17-Mar-2026 16:42:03 America/Lima] Cliente tiene email: NEUMATICOSALVINO@HOTMAIL.COM
[17-Mar-2026 16:42:03 America/Lima] Teléfono formateado: 51964775609
[17-Mar-2026 16:42:03 America/Lima] Estado de cotización actualizado a 'Sent'
[17-Mar-2026 16:42:03 America/Lima] Error logging activity: SQLSTATE[HY000]: General error: 1364 Field 'id' doesn't have a default value
[17-Mar-2026 16:42:03 America/Lima] WhatsApp preparado exitosamente
[17-Mar-2026 16:47:39 America/Lima] === ENVÍO POR WHATSAPP INICIADO ===
[17-Mar-2026 16:47:39 America/Lima] Quotation ID: 224
[17-Mar-2026 16:47:39 America/Lima] Company ID: 1
[17-Mar-2026 16:47:39 America/Lima] Cotización encontrada: C1-2026-0083
[17-Mar-2026 16:47:39 America/Lima] Teléfono del cliente: 964775609
[17-Mar-2026 16:47:39 America/Lima] Token de aprobación generado: 4aa93629cd29ba1ae7c90a4c4fd5470a5cf9d3f418de106973910547c247b977
[17-Mar-2026 16:47:39 America/Lima] Cliente tiene email: NEUMATICOSALVINO@HOTMAIL.COM
[17-Mar-2026 16:47:39 America/Lima] Teléfono formateado: 51964775609
[17-Mar-2026 16:47:39 America/Lima] Estado de cotización actualizado a 'Sent'
[17-Mar-2026 16:47:39 America/Lima] Error logging activity: SQLSTATE[HY000]: General error: 1364 Field 'id' doesn't have a default value
[17-Mar-2026 16:47:39 America/Lima] WhatsApp preparado exitosamente
[19-Mar-2026 10:09:06 America/Lima] === ENVÍO POR WHATSAPP INICIADO ===
[19-Mar-2026 10:09:06 America/Lima] Quotation ID: 235
[19-Mar-2026 10:09:06 America/Lima] Company ID: 1
[19-Mar-2026 10:09:06 America/Lima] Cotización encontrada: C1-2026-0091
[19-Mar-2026 10:09:06 America/Lima] ERROR: Cliente no tiene teléfono
[20-Mar-2026 14:16:47 America/Lima] === ENVÍO POR WHATSAPP INICIADO ===
[20-Mar-2026 14:16:47 America/Lima] Quotation ID: 249
[20-Mar-2026 14:16:47 America/Lima] Company ID: 2
[20-Mar-2026 14:16:47 America/Lima] Cotización encontrada: C2-2026-0032
[20-Mar-2026 14:16:47 America/Lima] ERROR: Cliente no tiene teléfono
[20-Mar-2026 15:29:23 America/Lima] === ENVÍO POR WHATSAPP INICIADO ===
[20-Mar-2026 15:29:23 America/Lima] Quotation ID: 252
[20-Mar-2026 15:29:23 America/Lima] Company ID: 1
[20-Mar-2026 15:29:23 America/Lima] Cotización encontrada: C1-2026-0098
[20-Mar-2026 15:29:23 America/Lima] Teléfono del cliente: 921167746
[20-Mar-2026 15:29:24 America/Lima] Token de aprobación generado: a9ec212c282642013b13430944dff7e0c3184c4d9dca07a184eb821397188161
[20-Mar-2026 15:29:24 America/Lima] Cliente no tiene email configurado
[20-Mar-2026 15:29:24 America/Lima] Teléfono formateado: 51921167746
[20-Mar-2026 15:29:24 America/Lima] Estado de cotización actualizado a 'Sent'
[20-Mar-2026 15:29:24 America/Lima] Error logging activity: SQLSTATE[HY000]: General error: 1364 Field 'id' doesn't have a default value
[20-Mar-2026 15:29:24 America/Lima] WhatsApp preparado exitosamente
[20-Mar-2026 15:33:52 America/Lima] === ENVÍO POR WHATSAPP INICIADO ===
[20-Mar-2026 15:33:52 America/Lima] Quotation ID: 255
[20-Mar-2026 15:33:52 America/Lima] Company ID: 1
[20-Mar-2026 15:33:52 America/Lima] Cotización encontrada: C1-2026-0100
[20-Mar-2026 15:33:52 America/Lima] ERROR: Cliente no tiene teléfono
[23-Mar-2026 11:45:12 America/Lima] === ENVÍO POR WHATSAPP INICIADO ===
[23-Mar-2026 11:45:12 America/Lima] Quotation ID: 273
[23-Mar-2026 11:45:12 America/Lima] Company ID: 1
[23-Mar-2026 11:45:12 America/Lima] Cotización encontrada: C1-2026-0111
[23-Mar-2026 11:45:12 America/Lima] ERROR: Cliente no tiene teléfono
[24-Mar-2026 11:08:51 America/Lima] === ENVÍO POR WHATSAPP INICIADO ===
[24-Mar-2026 11:08:51 America/Lima] Quotation ID: 288
[24-Mar-2026 11:08:51 America/Lima] Company ID: 1
[24-Mar-2026 11:08:51 America/Lima] Cotización encontrada: C1-2026-0121
[24-Mar-2026 11:08:51 America/Lima] ERROR: Cliente no tiene teléfono
[24-Mar-2026 11:14:32 America/Lima] === ENVÍO POR WHATSAPP INICIADO ===
[24-Mar-2026 11:14:32 America/Lima] Quotation ID: 289
[24-Mar-2026 11:14:32 America/Lima] Company ID: 2
[24-Mar-2026 11:14:32 America/Lima] Cotización encontrada: C2-2026-0048
[24-Mar-2026 11:14:32 America/Lima] ERROR: Cliente no tiene teléfono
[25-Mar-2026 14:15:09 America/Lima] === ENVÍO POR WHATSAPP INICIADO ===
[25-Mar-2026 14:15:09 America/Lima] Quotation ID: 301
[25-Mar-2026 14:15:09 America/Lima] Company ID: 2
[25-Mar-2026 14:15:09 America/Lima] Cotización encontrada: C2-2026-0050
[25-Mar-2026 14:15:09 America/Lima] ERROR: Cliente no tiene teléfono
[26-Mar-2026 15:07:39 America/Lima] === ENVÍO POR WHATSAPP INICIADO ===
[26-Mar-2026 15:07:39 America/Lima] Quotation ID: 298
[26-Mar-2026 15:07:39 America/Lima] Company ID: 1
[26-Mar-2026 15:07:39 America/Lima] Cotización encontrada: C1-2026-0130
[26-Mar-2026 15:07:39 America/Lima] ERROR: Cliente no tiene teléfono
[26-Mar-2026 15:38:56 America/Lima] === ENVÍO POR WHATSAPP INICIADO ===
[26-Mar-2026 15:38:56 America/Lima] Quotation ID: 309
[26-Mar-2026 15:38:56 America/Lima] Company ID: 1
[26-Mar-2026 15:38:56 America/Lima] Cotización encontrada: C1-2026-0138
[26-Mar-2026 15:38:56 America/Lima] ERROR: Cliente no tiene teléfono
